<?xml version="1.0" encoding="UTF-8"?>
<!-- Generated by org.testng.reporters.JUnitXMLReporter -->
<testsuite hostname="Admin" name="Default test" tests="4" failures="0" timestamp="28 Nov 2020 07:28:25 GMT" time="14.586" errors="0">
  <testcase name="@BeforeTest beforeTest" time="0.0" classname="com.nopcommerce.myaccount.MyAccount_01_EditAccount">
    <failure type="java.lang.IllegalArgumentException" message="Keys to send should be a not null CharSequence">
      <![CDATA[java.lang.IllegalArgumentException: Keys to send should be a not null CharSequence
	at org.openqa.selenium.remote.RemoteWebElement.sendKeys(RemoteWebElement.java:97)
	at commons.AbstractPage.sendKeyToElement(AbstractPage.java:117)
	at pageObjects.nopcommerce.LoginPageObject.inputToEmailTextbox(LoginPageObject.java:17)
	at com.nopcommerce.myaccount.MyAccount_01_EditAccount.beforeTest(MyAccount_01_EditAccount.java:60)
	at sun.reflect.NativeMethodAccessorImpl.invoke0(Native Method)
	at sun.reflect.NativeMethodAccessorImpl.invoke(NativeMethodAccessorImpl.java:62)
	at sun.reflect.DelegatingMethodAccessorImpl.invoke(DelegatingMethodAccessorImpl.java:43)
	at java.lang.reflect.Method.invoke(Method.java:498)
	at org.testng.internal.MethodInvocationHelper.invokeMethod(MethodInvocationHelper.java:86)
	at org.testng.internal.Invoker.invokeConfigurationMethod(Invoker.java:514)
	at org.testng.internal.Invoker.invokeConfigurations(Invoker.java:215)
	at org.testng.internal.Invoker.invokeConfigurations(Invoker.java:142)
	at org.testng.TestRunner.beforeRun(TestRunner.java:656)
	at org.testng.TestRunner.run(TestRunner.java:624)
	at org.testng.SuiteRunner.runTest(SuiteRunner.java:366)
	at org.testng.SuiteRunner.runSequentially(SuiteRunner.java:361)
	at org.testng.SuiteRunner.privateRun(SuiteRunner.java:319)
	at org.testng.SuiteRunner.run(SuiteRunner.java:268)
	at org.testng.SuiteRunnerWorker.runSuite(SuiteRunnerWorker.java:52)
	at org.testng.SuiteRunnerWorker.run(SuiteRunnerWorker.java:86)
	at org.testng.TestNG.runSuitesSequentially(TestNG.java:1244)
	at org.testng.TestNG.runSuitesLocally(TestNG.java:1169)
	at org.testng.TestNG.run(TestNG.java:1064)
	at org.testng.remote.AbstractRemoteTestNG.run(AbstractRemoteTestNG.java:115)
	at org.testng.remote.RemoteTestNG.initAndRun(RemoteTestNG.java:251)
	at org.testng.remote.RemoteTestNG.main(RemoteTestNG.java:77)
]]>
    </failure>
  </testcase> <!-- @BeforeTest beforeTest -->
  <testcase name="TC_01_Update_Customer_Infor" time="0.006" classname="com.nopcommerce.myaccount.MyAccount_01_EditAccount">
    <skipped/>
  </testcase> <!-- TC_01_Update_Customer_Infor -->
  <testcase name="TC_02_Add_Address" time="0.006" classname="com.nopcommerce.myaccount.MyAccount_01_EditAccount">
    <skipped/>
  </testcase> <!-- TC_02_Add_Address -->
  <testcase name="TC_03_Change_Password" time="0.002" classname="com.nopcommerce.myaccount.MyAccount_01_EditAccount">
    <skipped/>
  </testcase> <!-- TC_03_Change_Password -->
  <testcase name="TC_04_Add_Review_Product" time="0.003" classname="com.nopcommerce.myaccount.MyAccount_01_EditAccount">
    <skipped/>
  </testcase> <!-- TC_04_Add_Review_Product -->
</testsuite> <!-- Default test -->
