<?xml version="1.0" encoding="UTF-8"?>
<testsuite name="Run on CHROME"
           tests="6"
           failures="1"
           errors="0"
           skipped="0"
           time="28.275">
  <properties />
            <testcase name="TC_03_RegisterWithExistEmail" time="2.015" classname="com.nopcommerce.login.Login_01_Register">
                <failure type="java.lang.IllegalArgumentException"
                  message="Keys to send should be a not null CharSequence"
              >
<![CDATA[java.lang.IllegalArgumentException: Keys to send should be a not null CharSequence
  org.openqa.selenium.remote.RemoteWebElement.sendKeys(RemoteWebElement.java:97)
  commons.AbstractPage.sendKeyToElement(AbstractPage.java:117)
  pageObjects.nopcommerce.RegisterPageObject.inputToEmailTextbox(RegisterPageObject.java:46)
  com.nopcommerce.login.Login_01_Register.TC_03_RegisterWithExistEmail(Login_01_Register.java:107)
  sun.reflect.NativeMethodAccessorImpl.invoke0(Native Method)
  sun.reflect.NativeMethodAccessorImpl.invoke(NativeMethodAccessorImpl.java:62)
  sun.reflect.DelegatingMethodAccessorImpl.invoke(DelegatingMethodAccessorImpl.java:43)
  java.lang.reflect.Method.invoke(Method.java:498)
  org.testng.internal.MethodInvocationHelper.invokeMethod(MethodInvocationHelper.java:86)
  org.testng.internal.Invoker.invokeMethod(Invoker.java:643)
  org.testng.internal.Invoker.invokeTestMethod(Invoker.java:820)
  org.testng.internal.Invoker.invokeTestMethods(Invoker.java:1128)
  org.testng.internal.TestMethodWorker.invokeTestMethods(TestMethodWorker.java:129)
  org.testng.internal.TestMethodWorker.run(TestMethodWorker.java:112)
  java.util.concurrent.ThreadPoolExecutor.runWorker(ThreadPoolExecutor.java:1149)
  java.util.concurrent.ThreadPoolExecutor$Worker.run(ThreadPoolExecutor.java:624)
  java.lang.Thread.run(Thread.java:748)
]]>
      </failure>

          </testcase>
  
  
            <testcase name="TC_01_RegisterWithEmptyData" time="3.933" classname="com.nopcommerce.login.Login_01_Register" />
                <testcase name="TC_02_RegisterWithInvalidEmail" time="4.833" classname="com.nopcommerce.login.Login_01_Register" />
                <testcase name="TC_06_RegisterToSystem" time="7.752" classname="com.nopcommerce.login.Login_01_Register" />
                <testcase name="TC_05_RegisterWithInvalidConfirmPass" time="4.213" classname="com.nopcommerce.login.Login_01_Register" />
                <testcase name="TC_04_RegisterWithInvalidPass" time="5.529" classname="com.nopcommerce.login.Login_01_Register" />
      
</testsuite>
